<?xml version="1.0" encoding="utf-8"?><testsuites name="pytest tests"><testsuite name="pytest" errors="0" failures="0" skipped="0" tests="15" time="3.693" timestamp="2026-02-01T08:55:58.568533+00:00" hostname="agent-env-c7c126d5-caf2-4377-8151-4c25261047fb"><testcase classname="tests.test_booking_api.TestPackagesAPI" name="test_get_packages_success" time="0.194" /><testcase classname="tests.test_booking_api.TestPackagesAPI" name="test_packages_has_correct_categories" time="0.085" /><testcase classname="tests.test_booking_api.TestPackagesAPI" name="test_packages_have_correct_tiers" time="0.084" /><testcase classname="tests.test_booking_api.TestCalculateAPI" name="test_calculate_with_interior_only" time="0.163" /><testcase classname="tests.test_booking_api.TestCalculateAPI" name="test_calculate_with_exterior_only" time="0.161" /><testcase classname="tests.test_booking_api.TestCalculateAPI" name="test_calculate_with_both_packages" time="0.198" /><testcase classname="tests.test_booking_api.TestCalculateAPI" name="test_calculate_vehicle_size_fees" time="0.331" /><testcase classname="tests.test_booking_api.TestAvailableSlotsAPI" name="test_available_slots_saturday" time="0.711" /><testcase classname="tests.test_booking_api.TestAvailableSlotsAPI" name="test_available_slots_sunday" time="0.407" /><testcase classname="tests.test_booking_api.TestAvailableSlotsAPI" name="test_available_slots_weekday" time="0.254" /><testcase classname="tests.test_booking_api.TestAvailableSlotsAPI" name="test_available_slots_30_minute_intervals" time="0.710" /><testcase classname="tests.test_booking_api.TestBookingCreation" name="test_create_booking_validation_no_package" time="0.119" /><testcase classname="tests.test_booking_api.TestBookingCreation" name="test_create_booking_validation_mobile_no_address" time="0.115" /><testcase classname="tests.test_booking_api.TestAPIHealth" name="test_api_root" time="0.034" /><testcase classname="tests.test_booking_api.TestAPIHealth" name="test_packages_endpoint_accessible" time="0.079" /></testsuite></testsuites>