<?xml version="1.0" encoding="utf-8"?><testsuites name="pytest tests"><testsuite name="pytest" errors="0" failures="2" skipped="0" tests="15" time="4.332" timestamp="2026-02-01T08:55:07.216016+00:00" hostname="agent-env-c7c126d5-caf2-4377-8151-4c25261047fb"><testcase classname="tests.test_booking_api.TestPackagesAPI" name="test_get_packages_success" time="0.255" /><testcase classname="tests.test_booking_api.TestPackagesAPI" name="test_packages_has_correct_categories" time="0.086" /><testcase classname="tests.test_booking_api.TestPackagesAPI" name="test_packages_have_correct_tiers" time="0.086" /><testcase classname="tests.test_booking_api.TestCalculateAPI" name="test_calculate_with_interior_only" time="0.216" /><testcase classname="tests.test_booking_api.TestCalculateAPI" name="test_calculate_with_exterior_only" time="0.178" /><testcase classname="tests.test_booking_api.TestCalculateAPI" name="test_calculate_with_both_packages" time="0.222" /><testcase classname="tests.test_booking_api.TestCalculateAPI" name="test_calculate_vehicle_size_fees" time="0.391" /><testcase classname="tests.test_booking_api.TestAvailableSlotsAPI" name="test_available_slots_saturday" time="0.826" /><testcase classname="tests.test_booking_api.TestAvailableSlotsAPI" name="test_available_slots_sunday" time="0.469" /><testcase classname="tests.test_booking_api.TestAvailableSlotsAPI" name="test_available_slots_weekday" time="0.317" /><testcase classname="tests.test_booking_api.TestAvailableSlotsAPI" name="test_available_slots_30_minute_intervals" time="0.801" /><testcase classname="tests.test_booking_api.TestBookingCreation" name="test_create_booking_validation_no_package" time="0.152"><failure message="assert 520 == 400&#10; +  where 520 = &lt;Response [520]&gt;.status_code">tests/test_booking_api.py:327: in test_create_booking_validation_no_package
    assert response.status_code == 400
E   assert 520 == 400
E    +  where 520 = &lt;Response [520]&gt;.status_code</failure></testcase><testcase classname="tests.test_booking_api.TestBookingCreation" name="test_create_booking_validation_mobile_no_address" time="0.128"><failure message="assert 520 == 400&#10; +  where 520 = &lt;Response [520]&gt;.status_code">tests/test_booking_api.py:350: in test_create_booking_validation_mobile_no_address
    assert response.status_code == 400
E   assert 520 == 400
E    +  where 520 = &lt;Response [520]&gt;.status_code</failure></testcase><testcase classname="tests.test_booking_api.TestAPIHealth" name="test_api_root" time="0.034" /><testcase classname="tests.test_booking_api.TestAPIHealth" name="test_packages_endpoint_accessible" time="0.081" /></testsuite></testsuites>